app/build/intermediates/manifest_merge_blame_file/debug/manifest-merger-blame-debug-report.txt
1<?xml version="1.0" encoding="utf-8"?>
2<manifest xmlns:android="http://schemas.android.com/apk/res/android"
3    package="com.cse27.foodbee"
4    android:versionCode="1"
5    android:versionName="1.0" >
6
7    <uses-sdk
8        android:minSdkVersion="21"
8-->src\main\AndroidManifest.xml
9        android:targetSdkVersion="31" />
9-->src\main\AndroidManifest.xml
10
11    <!-- Although the *SdkVersion is captured in gradle build files, this is required for non gradle builds -->
12    <!-- <uses-sdk android:minSdkVersion="14"/> -->
13    <uses-permission android:name="android.permission.ACCESS_NETWORK_STATE" />
13-->[com.google.firebase:firebase-database:20.0.3] AndroidManifest.xml:25:5-79
13-->[com.google.firebase:firebase-database:20.0.3] AndroidManifest.xml:25:22-76
14    <uses-permission android:name="android.permission.INTERNET" />
14-->[com.google.firebase:firebase-database:20.0.3] AndroidManifest.xml:26:5-67
14-->[com.google.firebase:firebase-database:20.0.3] AndroidManifest.xml:26:22-64
15    <uses-permission android:name="android.permission.WAKE_LOCK" />
15-->[com.google.android.gms:play-services-measurement-api:20.0.2] AndroidManifest.xml:24:5-68
15-->[com.google.android.gms:play-services-measurement-api:20.0.2] AndroidManifest.xml:24:22-65
16    <uses-permission android:name="com.google.android.finsky.permission.BIND_GET_INSTALL_REFERRER_SERVICE" /> <!-- Include required permissions for Advertising Id -->
16-->[com.google.android.gms:play-services-measurement:20.0.2] AndroidManifest.xml:26:5-110
16-->[com.google.android.gms:play-services-measurement:20.0.2] AndroidManifest.xml:26:22-107
17    <uses-permission android:name="com.google.android.gms.permission.AD_ID" /> <!-- Permission will be merged into the manifest of the hosting app. -->
17-->[com.google.android.gms:play-services-ads-identifier:18.0.0] AndroidManifest.xml:23:5-79
17-->[com.google.android.gms:play-services-ads-identifier:18.0.0] AndroidManifest.xml:23:22-76
18    <!-- Is required to launch foreground extraction service for targetSdkVersion 28+. -->
19    <uses-permission android:name="android.permission.FOREGROUND_SERVICE" />
19-->[com.google.android.play:core:1.9.1] AndroidManifest.xml:8:3-74
19-->[com.google.android.play:core:1.9.1] AndroidManifest.xml:8:20-72
20
21    <application
21-->src\main\AndroidManifest.xml:5:5-47:19
22        android:allowBackup="true"
22-->src\main\AndroidManifest.xml:6:9-35
23        android:appComponentFactory="androidx.core.app.CoreComponentFactory"
23-->[androidx.core:core:1.7.0] AndroidManifest.xml:24:18-86
24        android:debuggable="true"
25        android:icon="@mipmap/ic_launcher"
25-->src\main\AndroidManifest.xml:7:9-43
26        android:label="@string/app_name"
26-->src\main\AndroidManifest.xml:8:9-41
27        android:roundIcon="@mipmap/ic_launcher_round"
27-->src\main\AndroidManifest.xml:9:9-54
28        android:supportsRtl="true"
28-->src\main\AndroidManifest.xml:10:9-35
29        android:testOnly="true"
30        android:theme="@style/Theme.Foodbee" >
30-->src\main\AndroidManifest.xml:11:9-45
31        <activity
31-->src\main\AndroidManifest.xml:12:9-14:40
32            android:name="com.cse27.foodbee.SearchResult"
32-->src\main\AndroidManifest.xml:13:13-41
33            android:exported="false" />
33-->src\main\AndroidManifest.xml:14:13-37
34        <activity
34-->src\main\AndroidManifest.xml:15:9-17:40
35            android:name="com.cse27.foodbee.UpdateProfile"
35-->src\main\AndroidManifest.xml:16:13-42
36            android:exported="false" />
36-->src\main\AndroidManifest.xml:17:13-37
37        <activity
37-->src\main\AndroidManifest.xml:18:9-20:39
38            android:name="com.cse27.foodbee.Profile"
38-->src\main\AndroidManifest.xml:19:13-36
39            android:exported="false" />
39-->src\main\AndroidManifest.xml:20:13-37
40        <activity
40-->src\main\AndroidManifest.xml:21:9-31:20
41            android:name="com.cse27.foodbee.SearchPage"
41-->src\main\AndroidManifest.xml:22:13-39
42            android:exported="true"
42-->src\main\AndroidManifest.xml:23:13-36
43            android:screenOrientation="portrait"
43-->src\main\AndroidManifest.xml:24:13-49
44            android:theme="@style/Theme.AppCompat.DayNight.NoActionBar" >
44-->src\main\AndroidManifest.xml:25:13-72
45            <intent-filter>
45-->src\main\AndroidManifest.xml:26:13-30:29
46                <action android:name="android.intent.action.MAIN" />
46-->src\main\AndroidManifest.xml:27:17-69
46-->src\main\AndroidManifest.xml:27:25-66
47
48                <category android:name="android.intent.category.LAUNCHER" />
48-->src\main\AndroidManifest.xml:29:17-77
48-->src\main\AndroidManifest.xml:29:27-74
49            </intent-filter>
50        </activity>
51        <activity
51-->src\main\AndroidManifest.xml:33:9-35:40
52            android:name="com.cse27.foodbee.Login"
52-->src\main\AndroidManifest.xml:34:13-34
53            android:exported="false" />
53-->src\main\AndroidManifest.xml:35:13-37
54        <activity
54-->src\main\AndroidManifest.xml:36:9-38:38
55            android:name="com.cse27.foodbee.SplashScreen"
55-->src\main\AndroidManifest.xml:37:13-41
56            android:exported="true" />
56-->src\main\AndroidManifest.xml:38:13-36
57        <activity
57-->src\main\AndroidManifest.xml:40:9-42:39
58            android:name="com.cse27.foodbee.SignUp"
58-->src\main\AndroidManifest.xml:41:13-35
59            android:exported="false" />
59-->src\main\AndroidManifest.xml:42:13-37
60        <activity
60-->src\main\AndroidManifest.xml:43:9-45:39
61            android:name="com.cse27.foodbee.MainActivity"
61-->src\main\AndroidManifest.xml:44:13-41
62            android:exported="false" />
62-->src\main\AndroidManifest.xml:45:13-37
63
64        <service
64-->[com.google.firebase:firebase-database:20.0.3] AndroidManifest.xml:29:9-35:19
65            android:name="com.google.firebase.components.ComponentDiscoveryService"
65-->[com.google.firebase:firebase-database:20.0.3] AndroidManifest.xml:30:13-84
66            android:directBootAware="true"
66-->[com.google.firebase:firebase-common:20.0.0] AndroidManifest.xml:35:13-43
67            android:exported="false" >
67-->[com.google.firebase:firebase-database:20.0.3] AndroidManifest.xml:31:13-37
68            <meta-data
68-->[com.google.firebase:firebase-database:20.0.3] AndroidManifest.xml:32:13-34:85
69                android:name="com.google.firebase.components:com.google.firebase.database.DatabaseRegistrar"
69-->[com.google.firebase:firebase-database:20.0.3] AndroidManifest.xml:33:17-109
70                android:value="com.google.firebase.components.ComponentRegistrar" />
70-->[com.google.firebase:firebase-database:20.0.3] AndroidManifest.xml:34:17-82
71            <meta-data
71-->[com.google.firebase:firebase-firestore:24.0.0] AndroidManifest.xml:20:13-22:85
72                android:name="com.google.firebase.components:com.google.firebase.firestore.FirestoreRegistrar"
72-->[com.google.firebase:firebase-firestore:24.0.0] AndroidManifest.xml:21:17-111
73                android:value="com.google.firebase.components.ComponentRegistrar" />
73-->[com.google.firebase:firebase-firestore:24.0.0] AndroidManifest.xml:22:17-82
74            <meta-data
74-->[com.google.firebase:firebase-auth:21.0.1] AndroidManifest.xml:77:13-79:85
75                android:name="com.google.firebase.components:com.google.firebase.auth.FirebaseAuthRegistrar"
75-->[com.google.firebase:firebase-auth:21.0.1] AndroidManifest.xml:78:17-109
76                android:value="com.google.firebase.components.ComponentRegistrar" />
76-->[com.google.firebase:firebase-auth:21.0.1] AndroidManifest.xml:79:17-82
77            <meta-data
77-->[com.google.android.gms:play-services-measurement-api:20.0.2] AndroidManifest.xml:30:13-32:85
78                android:name="com.google.firebase.components:com.google.firebase.analytics.connector.internal.AnalyticsConnectorRegistrar"
78-->[com.google.android.gms:play-services-measurement-api:20.0.2] AndroidManifest.xml:31:17-139
79                android:value="com.google.firebase.components.ComponentRegistrar" />
79-->[com.google.android.gms:play-services-measurement-api:20.0.2] AndroidManifest.xml:32:17-82
80            <meta-data
80-->[com.google.firebase:firebase-installations:17.0.0] AndroidManifest.xml:18:13-20:85
81                android:name="com.google.firebase.components:com.google.firebase.installations.FirebaseInstallationsRegistrar"
81-->[com.google.firebase:firebase-installations:17.0.0] AndroidManifest.xml:19:17-127
82                android:value="com.google.firebase.components.ComponentRegistrar" />
82-->[com.google.firebase:firebase-installations:17.0.0] AndroidManifest.xml:20:17-82
83        </service>
84
85        <activity
85-->[com.google.firebase:firebase-auth:21.0.1] AndroidManifest.xml:27:9-44:20
86            android:name="com.google.firebase.auth.internal.GenericIdpActivity"
86-->[com.google.firebase:firebase-auth:21.0.1] AndroidManifest.xml:28:13-80
87            android:excludeFromRecents="true"
87-->[com.google.firebase:firebase-auth:21.0.1] AndroidManifest.xml:29:13-46
88            android:exported="true"
88-->[com.google.firebase:firebase-auth:21.0.1] AndroidManifest.xml:30:13-36
89            android:launchMode="singleTask"
89-->[com.google.firebase:firebase-auth:21.0.1] AndroidManifest.xml:31:13-44
90            android:theme="@android:style/Theme.Translucent.NoTitleBar" >
90-->[com.google.firebase:firebase-auth:21.0.1] AndroidManifest.xml:32:13-72
91            <intent-filter>
91-->[com.google.firebase:firebase-auth:21.0.1] AndroidManifest.xml:33:13-43:29
92                <action android:name="android.intent.action.VIEW" />
92-->[com.google.firebase:firebase-auth:21.0.1] AndroidManifest.xml:34:17-69
92-->[com.google.firebase:firebase-auth:21.0.1] AndroidManifest.xml:34:25-66
93
94                <category android:name="android.intent.category.DEFAULT" />
94-->[com.google.firebase:firebase-auth:21.0.1] AndroidManifest.xml:36:17-76
94-->[com.google.firebase:firebase-auth:21.0.1] AndroidManifest.xml:36:27-73
95                <category android:name="android.intent.category.BROWSABLE" />
95-->[com.google.firebase:firebase-auth:21.0.1] AndroidManifest.xml:37:17-78
95-->[com.google.firebase:firebase-auth:21.0.1] AndroidManifest.xml:37:27-75
96
97                <data
97-->[com.google.firebase:firebase-auth:21.0.1] AndroidManifest.xml:39:17-42:51
98                    android:host="firebase.auth"
98-->[com.google.firebase:firebase-auth:21.0.1] AndroidManifest.xml:40:21-49
99                    android:path="/"
99-->[com.google.firebase:firebase-auth:21.0.1] AndroidManifest.xml:41:21-37
100                    android:scheme="genericidp" />
100-->[com.google.firebase:firebase-auth:21.0.1] AndroidManifest.xml:42:21-48
101            </intent-filter>
102        </activity>
103        <activity
103-->[com.google.firebase:firebase-auth:21.0.1] AndroidManifest.xml:45:9-62:20
104            android:name="com.google.firebase.auth.internal.RecaptchaActivity"
104-->[com.google.firebase:firebase-auth:21.0.1] AndroidManifest.xml:46:13-79
105            android:excludeFromRecents="true"
105-->[com.google.firebase:firebase-auth:21.0.1] AndroidManifest.xml:47:13-46
106            android:exported="true"
106-->[com.google.firebase:firebase-auth:21.0.1] AndroidManifest.xml:48:13-36
107            android:launchMode="singleTask"
107-->[com.google.firebase:firebase-auth:21.0.1] AndroidManifest.xml:49:13-44
108            android:theme="@android:style/Theme.Translucent.NoTitleBar" >
108-->[com.google.firebase:firebase-auth:21.0.1] AndroidManifest.xml:50:13-72
109            <intent-filter>
109-->[com.google.firebase:firebase-auth:21.0.1] AndroidManifest.xml:51:13-61:29
110                <action android:name="android.intent.action.VIEW" />
110-->[com.google.firebase:firebase-auth:21.0.1] AndroidManifest.xml:34:17-69
110-->[com.google.firebase:firebase-auth:21.0.1] AndroidManifest.xml:34:25-66
111
112                <category android:name="android.intent.category.DEFAULT" />
112-->[com.google.firebase:firebase-auth:21.0.1] AndroidManifest.xml:36:17-76
112-->[com.google.firebase:firebase-auth:21.0.1] AndroidManifest.xml:36:27-73
113                <category android:name="android.intent.category.BROWSABLE" />
113-->[com.google.firebase:firebase-auth:21.0.1] AndroidManifest.xml:37:17-78
113-->[com.google.firebase:firebase-auth:21.0.1] AndroidManifest.xml:37:27-75
114
115                <data
115-->[com.google.firebase:firebase-auth:21.0.1] AndroidManifest.xml:39:17-42:51
116                    android:host="firebase.auth"
116-->[com.google.firebase:firebase-auth:21.0.1] AndroidManifest.xml:40:21-49
117                    android:path="/"
117-->[com.google.firebase:firebase-auth:21.0.1] AndroidManifest.xml:41:21-37
118                    android:scheme="recaptcha" />
118-->[com.google.firebase:firebase-auth:21.0.1] AndroidManifest.xml:42:21-48
119            </intent-filter>
120        </activity>
121
122        <service
122-->[com.google.firebase:firebase-auth:21.0.1] AndroidManifest.xml:64:9-73:19
123            android:name="com.google.firebase.auth.api.fallback.service.FirebaseAuthFallbackService"
123-->[com.google.firebase:firebase-auth:21.0.1] AndroidManifest.xml:65:13-101
124            android:enabled="true"
124-->[com.google.firebase:firebase-auth:21.0.1] AndroidManifest.xml:66:13-35
125            android:exported="false" >
125-->[com.google.firebase:firebase-auth:21.0.1] AndroidManifest.xml:67:13-37
126            <intent-filter>
126-->[com.google.firebase:firebase-auth:21.0.1] AndroidManifest.xml:68:13-72:29
127                <action android:name="com.google.firebase.auth.api.gms.service.START" />
127-->[com.google.firebase:firebase-auth:21.0.1] AndroidManifest.xml:69:17-89
127-->[com.google.firebase:firebase-auth:21.0.1] AndroidManifest.xml:69:25-86
128
129                <category android:name="android.intent.category.DEFAULT" />
129-->[com.google.firebase:firebase-auth:21.0.1] AndroidManifest.xml:36:17-76
129-->[com.google.firebase:firebase-auth:21.0.1] AndroidManifest.xml:36:27-73
130            </intent-filter>
131        </service>
132
133        <provider
133-->[com.google.firebase:firebase-common:20.0.0] AndroidManifest.xml:26:9-31:39
134            android:name="com.google.firebase.provider.FirebaseInitProvider"
134-->[com.google.firebase:firebase-common:20.0.0] AndroidManifest.xml:27:13-77
135            android:authorities="com.cse27.foodbee.firebaseinitprovider"
135-->[com.google.firebase:firebase-common:20.0.0] AndroidManifest.xml:28:13-72
136            android:directBootAware="true"
136-->[com.google.firebase:firebase-common:20.0.0] AndroidManifest.xml:29:13-43
137            android:exported="false"
137-->[com.google.firebase:firebase-common:20.0.0] AndroidManifest.xml:30:13-37
138            android:initOrder="100" />
138-->[com.google.firebase:firebase-common:20.0.0] AndroidManifest.xml:31:13-36
139
140        <activity
140-->[com.google.android.gms:play-services-base:18.0.1] AndroidManifest.xml:20:9-22:45
141            android:name="com.google.android.gms.common.api.GoogleApiActivity"
141-->[com.google.android.gms:play-services-base:18.0.1] AndroidManifest.xml:20:19-85
142            android:exported="false"
142-->[com.google.android.gms:play-services-base:18.0.1] AndroidManifest.xml:22:19-43
143            android:theme="@android:style/Theme.Translucent.NoTitleBar" />
143-->[com.google.android.gms:play-services-base:18.0.1] AndroidManifest.xml:21:19-78
144
145        <receiver
145-->[com.google.android.gms:play-services-measurement:20.0.2] AndroidManifest.xml:29:9-33:20
146            android:name="com.google.android.gms.measurement.AppMeasurementReceiver"
146-->[com.google.android.gms:play-services-measurement:20.0.2] AndroidManifest.xml:30:13-85
147            android:enabled="true"
147-->[com.google.android.gms:play-services-measurement:20.0.2] AndroidManifest.xml:31:13-35
148            android:exported="false" >
148-->[com.google.android.gms:play-services-measurement:20.0.2] AndroidManifest.xml:32:13-37
149        </receiver>
150
151        <service
151-->[com.google.android.gms:play-services-measurement:20.0.2] AndroidManifest.xml:35:9-38:40
152            android:name="com.google.android.gms.measurement.AppMeasurementService"
152-->[com.google.android.gms:play-services-measurement:20.0.2] AndroidManifest.xml:36:13-84
153            android:enabled="true"
153-->[com.google.android.gms:play-services-measurement:20.0.2] AndroidManifest.xml:37:13-35
154            android:exported="false" />
154-->[com.google.android.gms:play-services-measurement:20.0.2] AndroidManifest.xml:38:13-37
155        <service
155-->[com.google.android.gms:play-services-measurement:20.0.2] AndroidManifest.xml:39:9-43:72
156            android:name="com.google.android.gms.measurement.AppMeasurementJobService"
156-->[com.google.android.gms:play-services-measurement:20.0.2] AndroidManifest.xml:40:13-87
157            android:enabled="true"
157-->[com.google.android.gms:play-services-measurement:20.0.2] AndroidManifest.xml:41:13-35
158            android:exported="false"
158-->[com.google.android.gms:play-services-measurement:20.0.2] AndroidManifest.xml:42:13-37
159            android:permission="android.permission.BIND_JOB_SERVICE" />
159-->[com.google.android.gms:play-services-measurement:20.0.2] AndroidManifest.xml:43:13-69
160
161        <meta-data
161-->[com.google.android.gms:play-services-basement:18.0.0] AndroidManifest.xml:21:9-23:69
162            android:name="com.google.android.gms.version"
162-->[com.google.android.gms:play-services-basement:18.0.0] AndroidManifest.xml:22:13-58
163            android:value="@integer/google_play_services_version" />
163-->[com.google.android.gms:play-services-basement:18.0.0] AndroidManifest.xml:23:13-66
164
165        <provider
165-->[androidx.emoji2:emoji2:1.0.0] AndroidManifest.xml:26:9-34:20
166            android:name="androidx.startup.InitializationProvider"
166-->[androidx.emoji2:emoji2:1.0.0] AndroidManifest.xml:27:13-67
167            android:authorities="com.cse27.foodbee.androidx-startup"
167-->[androidx.emoji2:emoji2:1.0.0] AndroidManifest.xml:28:13-68
168            android:exported="false" >
168-->[androidx.emoji2:emoji2:1.0.0] AndroidManifest.xml:29:13-37
169            <meta-data
169-->[androidx.emoji2:emoji2:1.0.0] AndroidManifest.xml:31:13-33:52
170                android:name="androidx.emoji2.text.EmojiCompatInitializer"
170-->[androidx.emoji2:emoji2:1.0.0] AndroidManifest.xml:32:17-75
171                android:value="androidx.startup" />
171-->[androidx.emoji2:emoji2:1.0.0] AndroidManifest.xml:33:17-49
172            <meta-data
172-->[androidx.profileinstaller:profileinstaller:1.0.1] AndroidManifest.xml:31:13-33:52
173                android:name="androidx.profileinstaller.ProfileInstallerInitializer"
173-->[androidx.profileinstaller:profileinstaller:1.0.1] AndroidManifest.xml:32:17-85
174                android:value="androidx.startup" />
174-->[androidx.profileinstaller:profileinstaller:1.0.1] AndroidManifest.xml:33:17-49
175            <meta-data
175-->[androidx.lifecycle:lifecycle-process:2.4.0] AndroidManifest.xml:31:13-33:52
176                android:name="androidx.lifecycle.ProcessLifecycleInitializer"
176-->[androidx.lifecycle:lifecycle-process:2.4.0] AndroidManifest.xml:32:17-78
177                android:value="androidx.startup" />
177-->[androidx.lifecycle:lifecycle-process:2.4.0] AndroidManifest.xml:33:17-49
178        </provider>
179
180        <receiver
180-->[androidx.profileinstaller:profileinstaller:1.0.1] AndroidManifest.xml:36:9-45:20
181            android:name="androidx.profileinstaller.ProfileInstallReceiver"
181-->[androidx.profileinstaller:profileinstaller:1.0.1] AndroidManifest.xml:37:13-76
182            android:directBootAware="false"
182-->[androidx.profileinstaller:profileinstaller:1.0.1] AndroidManifest.xml:38:13-44
183            android:enabled="true"
183-->[androidx.profileinstaller:profileinstaller:1.0.1] AndroidManifest.xml:39:13-35
184            android:exported="true"
184-->[androidx.profileinstaller:profileinstaller:1.0.1] AndroidManifest.xml:40:13-36
185            android:permission="android.permission.DUMP" >
185-->[androidx.profileinstaller:profileinstaller:1.0.1] AndroidManifest.xml:41:13-57
186            <intent-filter>
186-->[androidx.profileinstaller:profileinstaller:1.0.1] AndroidManifest.xml:42:13-44:29
187                <action android:name="androidx.profileinstaller.action.INSTALL_PROFILE" />
187-->[androidx.profileinstaller:profileinstaller:1.0.1] AndroidManifest.xml:43:17-91
187-->[androidx.profileinstaller:profileinstaller:1.0.1] AndroidManifest.xml:43:25-88
188            </intent-filter>
189        </receiver> <!-- The activities will be merged into the manifest of the hosting app. -->
190        <activity
190-->[com.google.android.play:core:1.9.1] AndroidManifest.xml:12:5-271
191            android:name="com.google.android.play.core.missingsplits.PlayCoreMissingSplitsActivity"
191-->[com.google.android.play:core:1.9.1] AndroidManifest.xml:12:15-102
192            android:enabled="false"
192-->[com.google.android.play:core:1.9.1] AndroidManifest.xml:12:103-126
193            android:exported="false"
193-->[com.google.android.play:core:1.9.1] AndroidManifest.xml:12:127-151
194            android:launchMode="singleInstance"
194-->[com.google.android.play:core:1.9.1] AndroidManifest.xml:12:204-239
195            android:process=":playcore_missing_splits_activity"
195-->[com.google.android.play:core:1.9.1] AndroidManifest.xml:12:152-203
196            android:stateNotNeeded="true" />
196-->[com.google.android.play:core:1.9.1] AndroidManifest.xml:12:240-269
197        <activity
197-->[com.google.android.play:core:1.9.1] AndroidManifest.xml:13:5-226
198            android:name="com.google.android.play.core.common.PlayCoreDialogWrapperActivity"
198-->[com.google.android.play:core:1.9.1] AndroidManifest.xml:13:15-95
199            android:enabled="false"
199-->[com.google.android.play:core:1.9.1] AndroidManifest.xml:13:96-119
200            android:exported="false"
200-->[com.google.android.play:core:1.9.1] AndroidManifest.xml:13:120-144
201            android:stateNotNeeded="true"
201-->[com.google.android.play:core:1.9.1] AndroidManifest.xml:13:145-174
202            android:theme="@style/Theme.PlayCore.Transparent" /> <!-- The services will be merged into the manifest of the hosting app. -->
202-->[com.google.android.play:core:1.9.1] AndroidManifest.xml:13:175-224
203        <service
203-->[com.google.android.play:core:1.9.1] AndroidManifest.xml:16:5-18:15
204            android:name="com.google.android.play.core.assetpacks.AssetPackExtractionService"
204-->[com.google.android.play:core:1.9.1] AndroidManifest.xml:16:14-95
205            android:enabled="false"
205-->[com.google.android.play:core:1.9.1] AndroidManifest.xml:16:96-119
206            android:exported="true" >
206-->[com.google.android.play:core:1.9.1] AndroidManifest.xml:16:120-143
207            <meta-data
207-->[com.google.android.play:core:1.9.1] AndroidManifest.xml:17:7-108
208                android:name="com.google.android.play.core.assetpacks.versionCode"
208-->[com.google.android.play:core:1.9.1] AndroidManifest.xml:17:18-84
209                android:value="10901" />
209-->[com.google.android.play:core:1.9.1] AndroidManifest.xml:17:85-106
210        </service>
211        <service
211-->[com.google.android.play:core:1.9.1] AndroidManifest.xml:19:5-147
212            android:name="com.google.android.play.core.assetpacks.ExtractionForegroundService"
212-->[com.google.android.play:core:1.9.1] AndroidManifest.xml:19:14-96
213            android:enabled="false"
213-->[com.google.android.play:core:1.9.1] AndroidManifest.xml:19:97-120
214            android:exported="false" />
214-->[com.google.android.play:core:1.9.1] AndroidManifest.xml:19:121-145
215    </application>
216
217</manifest>